<?xml version="1.0" encoding="UTF-8"?>
<testsuite name="controllers.HomeControllerTest" tests="1" skipped="0" failures="0" errors="0" timestamp="2017-09-24T22:31:41" hostname="xulu" time="1.526">
  <properties/>
  <testcase name="testIndex" classname="controllers.HomeControllerTest" time="1.526"/>
  <system-out><![CDATA[]]></system-out>
  <system-err><![CDATA[]]></system-err>
</testsuite>
