<?xml version="1.0" encoding="UTF-8"?>
<testsuite name="controllers.ItemsTest" tests="1" skipped="0" failures="0" errors="0" timestamp="2017-09-24T22:31:42" hostname="xulu" time="0.088">
  <properties/>
  <testcase name="listItems" classname="controllers.ItemsTest" time="0.088"/>
  <system-out><![CDATA[]]></system-out>
  <system-err><![CDATA[]]></system-err>
</testsuite>
